<?xml version="1.0" encoding="UTF-8"?>
<testsuite name="3. Git Destructive" tests="13" skipped="0" failures="0" errors="0" timestamp="2026-09-16T19:42:11.620Z" hostname="Krishs-MacBook-Air.local" time="0.007">
  <properties/>
  <testcase name="Block: git reset --hard" classname="ai.boss.guardrail.ShellPolicyEngineTest$GitTests" time="0.001"/>
  <testcase name="Block: git reset --hard HEAD~1" classname="ai.boss.guardrail.ShellPolicyEngineTest$GitTests" time="0.0"/>
  <testcase name="Block: git reset --hard origin/main" classname="ai.boss.guardrail.ShellPolicyEngineTest$GitTests" time="0.0"/>
  <testcase name="Block: git clean -fdx" classname="ai.boss.guardrail.ShellPolicyEngineTest$GitTests" time="0.0"/>
  <testcase name="Block: git clean -f" classname="ai.boss.guardrail.ShellPolicyEngineTest$GitTests" time="0.0"/>
  <testcase name="Block: git clean -fd" classname="ai.boss.guardrail.ShellPolicyEngineTest$GitTests" time="0.001"/>
  <testcase name="Block: git push origin main --force" classname="ai.boss.guardrail.ShellPolicyEngineTest$GitTests" time="0.0"/>
  <testcase name="Block: git push -f origin master" classname="ai.boss.guardrail.ShellPolicyEngineTest$GitTests" time="0.0"/>
  <testcase name="Block: git push origin --force-with-lease" classname="ai.boss.guardrail.ShellPolicyEngineTest$GitTests" time="0.001"/>
  <testcase name="Block: git branch -D feature-temp" classname="ai.boss.guardrail.ShellPolicyEngineTest$GitTests" time="0.0"/>
  <testcase name="Block: git branch -D bugfix/old" classname="ai.boss.guardrail.ShellPolicyEngineTest$GitTests" time="0.0"/>
  <testcase name="Block: git restore ." classname="ai.boss.guardrail.ShellPolicyEngineTest$GitTests" time="0.001"/>
  <testcase name="Block: git checkout -- ." classname="ai.boss.guardrail.ShellPolicyEngineTest$GitTests" time="0.001"/>
  <system-out><![CDATA[]]></system-out>
  <system-err><![CDATA[]]></system-err>
</testsuite>
