<?xml version="1.0" encoding="UTF-8"?>
<testsuite name="4. Permission &amp; Escalation" tests="9" skipped="0" failures="0" errors="0" timestamp="2026-09-16T19:42:11.629Z" hostname="Krishs-MacBook-Air.local" time="0.003">
  <properties/>
  <testcase name="Block: chmod 777 /var/www" classname="ai.boss.guardrail.ShellPolicyEngineTest$PermissionTests" time="0.001"/>
  <testcase name="Block: chmod -R 777 ./build" classname="ai.boss.guardrail.ShellPolicyEngineTest$PermissionTests" time="0.0"/>
  <testcase name="Block: chmod a+rwx script.sh" classname="ai.boss.guardrail.ShellPolicyEngineTest$PermissionTests" time="0.0"/>
  <testcase name="Block: chmod 666 /etc/config" classname="ai.boss.guardrail.ShellPolicyEngineTest$PermissionTests" time="0.0"/>
  <testcase name="Block: sudo su" classname="ai.boss.guardrail.ShellPolicyEngineTest$PermissionTests" time="0.0"/>
  <testcase name="Block: sudo su -" classname="ai.boss.guardrail.ShellPolicyEngineTest$PermissionTests" time="0.0"/>
  <testcase name="Block: sudo -i" classname="ai.boss.guardrail.ShellPolicyEngineTest$PermissionTests" time="0.001"/>
  <testcase name="Block: su -" classname="ai.boss.guardrail.ShellPolicyEngineTest$PermissionTests" time="0.0"/>
  <testcase name="Block: chown -R root:root /var" classname="ai.boss.guardrail.ShellPolicyEngineTest$PermissionTests" time="0.0"/>
  <system-out><![CDATA[]]></system-out>
  <system-err><![CDATA[]]></system-err>
</testsuite>
