<?xml version="1.0" encoding="UTF-8"?>
<testsuite name="11. Chained Commands &amp; Subshells" tests="5" skipped="0" failures="0" errors="0" timestamp="2026-09-16T19:42:11.572Z" hostname="Krishs-MacBook-Air.local" time="0.003">
  <properties/>
  <testcase name="catches dangerous command after &amp;&amp; operator()" classname="ai.boss.guardrail.ShellPolicyEngineTest$ChainedTests" time="0.001"/>
  <testcase name="catches dangerous command after semicolon()" classname="ai.boss.guardrail.ShellPolicyEngineTest$ChainedTests" time="0.0"/>
  <testcase name="catches dangerous subshell with dollar-paren()" classname="ai.boss.guardrail.ShellPolicyEngineTest$ChainedTests" time="0.001"/>
  <testcase name="catches dangerous backtick subshell()" classname="ai.boss.guardrail.ShellPolicyEngineTest$ChainedTests" time="0.001"/>
  <testcase name="catches pipe to shell inside subshell()" classname="ai.boss.guardrail.ShellPolicyEngineTest$ChainedTests" time="0.0"/>
  <system-out><![CDATA[]]></system-out>
  <system-err><![CDATA[]]></system-err>
</testsuite>
