<?xml version="1.0" encoding="UTF-8"?>
<testsuite name="7. Secret &amp; Credential Access" tests="9" skipped="0" failures="0" errors="0" timestamp="2026-09-16T19:42:11.635Z" hostname="Krishs-MacBook-Air.local" time="0.003">
  <properties/>
  <testcase name="Block: cat .env" classname="ai.boss.guardrail.ShellPolicyEngineTest$SecretTests" time="0.0"/>
  <testcase name="Block: cat .env.production" classname="ai.boss.guardrail.ShellPolicyEngineTest$SecretTests" time="0.0"/>
  <testcase name="Block: echo 'KEY=x' &gt; .env" classname="ai.boss.guardrail.ShellPolicyEngineTest$SecretTests" time="0.001"/>
  <testcase name="Block: cat ~/.ssh/id_rsa" classname="ai.boss.guardrail.ShellPolicyEngineTest$SecretTests" time="0.0"/>
  <testcase name="Block: cp id_ed25519 /tmp/key" classname="ai.boss.guardrail.ShellPolicyEngineTest$SecretTests" time="0.0"/>
  <testcase name="Block: cat ~/.aws/credentials" classname="ai.boss.guardrail.ShellPolicyEngineTest$SecretTests" time="0.0"/>
  <testcase name="Block: cat ~/.kube/config" classname="ai.boss.guardrail.ShellPolicyEngineTest$SecretTests" time="0.0"/>
  <testcase name="Block: cat /etc/shadow" classname="ai.boss.guardrail.ShellPolicyEngineTest$SecretTests" time="0.0"/>
  <testcase name="Block: cat /etc/sudoers" classname="ai.boss.guardrail.ShellPolicyEngineTest$SecretTests" time="0.0"/>
  <system-out><![CDATA[]]></system-out>
  <system-err><![CDATA[]]></system-err>
</testsuite>
