<?xml version="1.0" encoding="UTF-8"?>
<testsuite name="2. Disk &amp; Partition Formatting" tests="7" skipped="0" failures="0" errors="0" timestamp="2026-09-16T19:42:11.592Z" hostname="Krishs-MacBook-Air.local" time="0.004">
  <properties/>
  <testcase name="Block: dd if=/dev/zero of=/dev/sda bs=1M" classname="ai.boss.guardrail.ShellPolicyEngineTest$DiskTests" time="0.0"/>
  <testcase name="Block: dd if=/dev/urandom of=/dev/nvme0n1" classname="ai.boss.guardrail.ShellPolicyEngineTest$DiskTests" time="0.0"/>
  <testcase name="Block: mkfs.ext4 /dev/sdb1" classname="ai.boss.guardrail.ShellPolicyEngineTest$DiskTests" time="0.0"/>
  <testcase name="Block: mkfs -t vfat /dev/sdc" classname="ai.boss.guardrail.ShellPolicyEngineTest$DiskTests" time="0.001"/>
  <testcase name="Block: fdisk /dev/sda" classname="ai.boss.guardrail.ShellPolicyEngineTest$DiskTests" time="0.0"/>
  <testcase name="Block: parted /dev/nvme0n1 mklabel gpt" classname="ai.boss.guardrail.ShellPolicyEngineTest$DiskTests" time="0.0"/>
  <testcase name="Block: gdisk /dev/disk0" classname="ai.boss.guardrail.ShellPolicyEngineTest$DiskTests" time="0.0"/>
  <system-out><![CDATA[]]></system-out>
  <system-err><![CDATA[]]></system-err>
</testsuite>
