<?xml version="1.0" encoding="UTF-8"?>
<testsuite name="5. System Shutdown/Kill/Fork Bomb" tests="12" skipped="0" failures="0" errors="0" timestamp="2026-09-16T19:42:11.638Z" hostname="Krishs-MacBook-Air.local" time="0.005">
  <properties/>
  <testcase name="Block: shutdown -h now" classname="ai.boss.guardrail.ShellPolicyEngineTest$SystemTests" time="0.0"/>
  <testcase name="Block: shutdown -r 0" classname="ai.boss.guardrail.ShellPolicyEngineTest$SystemTests" time="0.001"/>
  <testcase name="Block: reboot" classname="ai.boss.guardrail.ShellPolicyEngineTest$SystemTests" time="0.0"/>
  <testcase name="Block: poweroff" classname="ai.boss.guardrail.ShellPolicyEngineTest$SystemTests" time="0.0"/>
  <testcase name="Block: halt" classname="ai.boss.guardrail.ShellPolicyEngineTest$SystemTests" time="0.001"/>
  <testcase name="Block: sudo shutdown -h now" classname="ai.boss.guardrail.ShellPolicyEngineTest$SystemTests" time="0.0"/>
  <testcase name="Block: sudo reboot" classname="ai.boss.guardrail.ShellPolicyEngineTest$SystemTests" time="0.0"/>
  <testcase name="Block: init 0" classname="ai.boss.guardrail.ShellPolicyEngineTest$SystemTests" time="0.001"/>
  <testcase name="Block: init 6" classname="ai.boss.guardrail.ShellPolicyEngineTest$SystemTests" time="0.0"/>
  <testcase name="Block: killall -9 node" classname="ai.boss.guardrail.ShellPolicyEngineTest$SystemTests" time="0.0"/>
  <testcase name="Block: pkill -9 python" classname="ai.boss.guardrail.ShellPolicyEngineTest$SystemTests" time="0.0"/>
  <testcase name="Block: :(){ :|:&amp; };:" classname="ai.boss.guardrail.ShellPolicyEngineTest$SystemTests" time="0.0"/>
  <system-out><![CDATA[]]></system-out>
  <system-err><![CDATA[]]></system-err>
</testsuite>
